
                                      ARENA Simulation Results
                                    GAOSHIJIE - License: STUDENT

                                  Summary for Replication 1 of 1

Project: HW3_prob_2                                                  Run execution date : 2/ 5/2023
Analyst: GAOSHIJIE                                                   Model revision date: 2/ 5/2023

Replication ended at time      : 160.0 Hours 
Base Time Units: Hours

                                           TALLY VARIABLES

Identifier                                  Average   Half Width  Minimum    Maximum   Observations
___________________________________________________________________________________________________

Entity 1.VATime                             3.8969     (Insuf)    .53593     9.7022        130    
Entity 1.NVATime                            .00000     (Insuf)    .00000     .00000        130    
Entity 1.WaitTime                           2.1728     (Insuf)    .00000     7.0128        130    
Entity 1.TranTime                           .00000     (Insuf)    .00000     .00000        130    
Entity 1.OtherTime                          .00000     (Insuf)    .00000     .00000        130    
Entity 1.TotalTime                          6.0697     (Insuf)    1.4168     13.468        130    

                                     DISCRETE-CHANGE VARIABLES

Identifier                                  Average   Half Width  Minimum    Maximum   Final Value
___________________________________________________________________________________________________

Entity 1.WIP                                4.9478     (Insuf)    .00000     11.000     3.0000    
Alfie and Betty.NumberBusy                  1.6575     (Insuf)    .00000     2.0000     2.0000    
Alfie and Betty.NumberScheduled             2.0000     (Insuf)    2.0000     2.0000     2.0000    
Alfie and Betty.Utilization                 .82879     (Insuf)    .00000     1.0000     1.0000    
Chuck and Doris.NumberBusy                  1.5245     (Insuf)    .00000     2.0000     1.0000    
Chuck and Doris.NumberScheduled             2.0000     (Insuf)    2.0000     2.0000     2.0000    
Chuck and Doris.Utilization                 .76225     (Insuf)    .00000     1.0000     .50000    

                                             OUTPUTS

Identifier                                   Value
_____________________________________________________________

Entity 1.NumberIn                           133.00    
Entity 1.NumberOut                          130.00    
Alfie and Betty.NumberSeized                133.00    
Alfie and Betty.ScheduledUtilization        .82879    
Chuck and Doris.NumberSeized                131.00    
Chuck and Doris.ScheduledUtilization        .76225    
System.NumberOut                            130.00    


Simulation run time: 0.00 minutes.
Simulation run complete.
