
                                      ARENA Simulation Results
                                    GAOSHIJIE - License: STUDENT

                                  Summary for Replication 1 of 1

Project: HW3_prob_2                                                  Run execution date : 2/ 4/2023
Analyst: GAOSHIJIE                                                   Model revision date: 2/ 4/2023

Replication ended at time      : 160.0 Hours 
Base Time Units: Hours

                                           TALLY VARIABLES

Identifier                                  Average   Half Width  Minimum    Maximum   Observations
___________________________________________________________________________________________________

Entity 1.VATime                             4.1469     (Insuf)    .96867     11.683        124    
Entity 1.NVATime                            .00000     (Insuf)    .00000     .00000        124    
Entity 1.WaitTime                           3.7120     (Insuf)    .00000     16.802        124    
Entity 1.TranTime                           .00000     (Insuf)    .00000     .00000        124    
Entity 1.OtherTime                          .00000     (Insuf)    .00000     .00000        124    
Entity 1.TotalTime                          7.8589     (Insuf)    1.8255     19.977        124    

                                     DISCRETE-CHANGE VARIABLES

Identifier                                  Average   Half Width  Minimum    Maximum   Final Value
___________________________________________________________________________________________________

Entity 1.WIP                                7.3609     (Insuf)    .00000     22.000     20.000    
Alfie and Betty.NumberBusy                  1.7251     (Insuf)    .00000     2.0000     2.0000    
Alfie and Betty.NumberScheduled             2.0000     (Insuf)    2.0000     2.0000     2.0000    
Alfie and Betty.Utilization                 .86260     (Insuf)    .00000     1.0000     1.0000    
Chuck and Doris.NumberBusy                  1.5781     (Insuf)    .00000     2.0000     2.0000    
Chuck and Doris.NumberScheduled             2.0000     (Insuf)    2.0000     2.0000     2.0000    
Chuck and Doris.Utilization                 .78906     (Insuf)    .00000     1.0000     1.0000    

                                             OUTPUTS

Identifier                                   Value
_____________________________________________________________

Entity 1.NumberIn                           144.00    
Entity 1.NumberOut                          124.00    
Alfie and Betty.NumberSeized                132.00    
Alfie and Betty.ScheduledUtilization        .86260    
Chuck and Doris.NumberSeized                126.00    
Chuck and Doris.ScheduledUtilization        .78906    
System.NumberOut                            124.00    


Simulation run time: 0.00 minutes.
Simulation run complete.
