
                                      ARENA Simulation Results
                                    GAOSHIJIE - License: STUDENT

                                  Summary for Replication 1 of 1

Project: 3                                                           Run execution date : 2/ 3/2023
Analyst: GAOSHIJIE                                                   Model revision date: 2/ 3/2023

Replication ended at time      : 160.0 Hours 
Base Time Units: Hours

                                           TALLY VARIABLES

Identifier                                  Average   Half Width  Minimum    Maximum   Observations
___________________________________________________________________________________________________

Entity 1.VATime                             4.0989     (Insuf)    .74809     9.7546        117    
Entity 1.NVATime                            .00000     (Insuf)    .00000     .00000        117    
Entity 1.WaitTime                           11.984     (Insuf)    .00000     22.273        117    
Entity 1.TranTime                           .00000     (Insuf)    .00000     .00000        117    
Entity 1.OtherTime                          .00000     (Insuf)    .00000     .00000        117    
Entity 1.TotalTime                          16.083     (Insuf)    1.4220     27.208        117    

                                     DISCRETE-CHANGE VARIABLES

Identifier                                  Average   Half Width  Minimum    Maximum   Final Value
___________________________________________________________________________________________________

Entity 1.WIP                                12.393     (Insuf)    .00000     21.000     12.000    
Doris.NumberBusy                            .80801     (Insuf)    .00000     1.0000     1.0000    
Doris.NumberScheduled                       1.0000     (Insuf)    1.0000     1.0000     1.0000    
Doris.Utilization                           .80801     (Insuf)    .00000     1.0000     1.0000    
Chuck.NumberBusy                            .80438     (Insuf)    .00000     1.0000     1.0000    
Chuck.NumberScheduled                       1.0000     (Insuf)    1.0000     1.0000     1.0000    
Chuck.Utilization                           .80438     (Insuf)    .00000     1.0000     1.0000    
Betty.NumberBusy                            .70339     (Insuf)    .00000     1.0000     .00000    
Betty.NumberScheduled                       1.0000     (Insuf)    1.0000     1.0000     1.0000    
Betty.Utilization                           .70339     (Insuf)    .00000     1.0000     .00000    
Alife.NumberBusy                            .82330     (Insuf)    .00000     1.0000     1.0000    
Alife.NumberScheduled                       1.0000     (Insuf)    1.0000     1.0000     1.0000    
Alife.Utilization                           .82330     (Insuf)    .00000     1.0000     1.0000    

                                             OUTPUTS

Identifier                                   Value
_____________________________________________________________

Entity 1.NumberIn                           129.00    
Entity 1.NumberOut                          117.00    
Doris.NumberSeized                          118.00    
Doris.ScheduledUtilization                  .80801    
Chuck.NumberSeized                          123.00    
Chuck.ScheduledUtilization                  .80438    
Betty.NumberSeized                          128.00    
Betty.ScheduledUtilization                  .70339    
Alife.NumberSeized                          129.00    
Alife.ScheduledUtilization                  .82330    
System.NumberOut                            117.00    


Simulation run time: 0.02 minutes.
Simulation run complete.
