
                                      ARENA Simulation Results
                                    GAOSHIJIE - License: STUDENT

                                  Summary for Replication 1 of 1

Project: 3_3 Parallel with expo servoe time                          Run execution date : 2/ 3/2023
Analyst: GAOSHIJIE                                                   Model revision date: 2/ 3/2023

Replication ended at time      : 160.0 Hours 
Base Time Units: Hours

                                           TALLY VARIABLES

Identifier                                  Average   Half Width  Minimum    Maximum   Observations
___________________________________________________________________________________________________

Entity 1.VATime                             4.0559     (Insuf)    .43376     11.536        135    
Entity 1.NVATime                            .00000     (Insuf)    .00000     .00000        135    
Entity 1.WaitTime                           1.3282     (Insuf)    .00000     6.8230        135    
Entity 1.TranTime                           .00000     (Insuf)    .00000     .00000        135    
Entity 1.OtherTime                          .00000     (Insuf)    .00000     .00000        135    
Entity 1.TotalTime                          5.3842     (Insuf)    .66400     13.726        135    

                                     DISCRETE-CHANGE VARIABLES

Identifier                                  Average   Half Width  Minimum    Maximum   Final Value
___________________________________________________________________________________________________

Entity 1.WIP                                4.6117     (Insuf)    .00000     10.000     3.0000    
Resource 1.NumberBusy                       3.4800     (Insuf)    .00000     4.0000     3.0000    
Resource 1.NumberScheduled                  4.0000     (Insuf)    4.0000     4.0000     4.0000    
Resource 1.Utilization                      .87001     (Insuf)    .00000     1.0000     .75000    

                                             OUTPUTS

Identifier                                   Value
_____________________________________________________________

Entity 1.NumberIn                           138.00    
Entity 1.NumberOut                          135.00    
Resource 1.NumberSeized                     138.00    
Resource 1.ScheduledUtilization             .87001    
System.NumberOut                            135.00    


Simulation run time: 0.00 minutes.
Simulation run complete.
